<?xml version="1.0" encoding="UTF-8"?>
<!-- Generated by org.testng.reporters.JUnitReportReporter -->
<testsuite skipped="0" hostname="DESKTOP-19IEIP0" name="runner.TestRunner" tests="1" failures="0" timestamp="2020-01-06T16:41:49 BDT" time="27.060" errors="0">
  <testcase name="feature" time="27.060" classname="runner.TestRunner"/>
  <system-out/>
</testsuite> <!-- runner.TestRunner -->
